Starting job 23359 on gpu-2 at Fri Feb 11 10:35:01 CET 2022

============================= test session starts ==============================
platform linux -- Python 3.8.6, pytest-6.1.1, py-1.9.0, pluggy-0.13.1 -- /cluster/software/Python/3.8.6-GCCcore-10.2.0/bin/python
cachedir: .pytest_cache
rootdir: /fp/homes01/u01/ec-pmhalvor/nlp/msc/fgsa, configfile: pytest.ini
collecting ... 
----------------------------- live log collection ------------------------------
2022-02-11 10:35:04 [    INFO] ---------  new run: test dataset --------- (config.py:15)
2022-02-11 10:35:04 [    INFO] ---------  new run: test --------- (config.py:15)
2022-02-11 10:35:04 [    INFO] Running on device cpu (test_model.py:14)
collected 4 items

test/test_data.py::test_data_dir PASSED                                  [ 25%]
test/test_data.py::test_dataset_shape PASSED                             [ 50%]
test/test_data.py::test_dataset_values PASSED                            [ 75%]
test/test_model.py::test_BertSimple_fit 
-------------------------------- live log call ---------------------------------
2022-02-11 10:35:38 [    INFO] Epoch:  0 Batch:  0 Loss:2.2962539196014404 (model.py:96)
2022-02-11 10:36:05 [    INFO] Fit complete. (model.py:101)
2022-02-11 10:36:05 [    INFO] Name:query  Module:Linear(in_features=768, out_features=768, bias=True)  Weight:Parameter containing:
tensor([[ 0.0304, -0.0061, -0.1724,  ...,  0.0181,  0.0883,  0.0050],
        [ 0.0167,  0.0142,  0.0063,  ...,  0.0238, -0.0205,  0.0125],
        [-0.0457, -0.0334,  0.0687,  ..., -0.0044,  0.0134, -0.0004],
        ...,
        [-0.0129, -0.0202,  0.0762,  ..., -0.0394,  0.0393, -0.0237],
        [-0.0069,  0.0039,  0.0061,  ..., -0.0308, -0.0049,  0.0245],
        [ 0.0301,  0.0187,  0.0032,  ...,  0.0026, -0.0338, -0.0150]],
       requires_grad=True) (model.py:242)
2022-02-11 10:36:05 [    INFO] Parameter containing:
tensor([[ 0.0304, -0.0061, -0.1724,  ...,  0.0181,  0.0883,  0.0050],
        [ 0.0167,  0.0142,  0.0063,  ...,  0.0238, -0.0205,  0.0125],
        [-0.0457, -0.0334,  0.0687,  ..., -0.0044,  0.0134, -0.0004],
        ...,
        [-0.0129, -0.0202,  0.0762,  ..., -0.0394,  0.0393, -0.0237],
        [-0.0069,  0.0039,  0.0061,  ..., -0.0308, -0.0049,  0.0245],
        [ 0.0301,  0.0187,  0.0032,  ...,  0.0026, -0.0338, -0.0150]],
       requires_grad=True) (test_model.py:45)
PASSED                                                                   [100%]

========================= 4 passed in 62.53s (0:01:02) =========================

Task and CPU usage stats:
       JobID    JobName  AllocCPUS   NTasks     MinCPU MinCPUTask     AveCPU    Elapsed ExitCode 
------------ ---------- ---------- -------- ---------- ---------- ---------- ---------- -------- 
23359              fgsa          1                                             00:01:06      0:0 
23359.batch       batch          1        1   00:00:44          0   00:00:44   00:01:06      0:0 
23359.extern     extern          1        1   00:00:00          0   00:00:00   00:01:06      0:0 

Memory usage stats:
       JobID     MaxRSS MaxRSSTask     AveRSS MaxPages   MaxPagesTask   AvePages 
------------ ---------- ---------- ---------- -------- -------------- ---------- 
23359                                                                            
23359.batch    5673908K          0   5673908K        0              0          0 
23359.extern          0          0          0        0              0          0 

Disk usage stats:
       JobID  MaxDiskRead MaxDiskReadTask    AveDiskRead MaxDiskWrite MaxDiskWriteTask   AveDiskWrite 
------------ ------------ --------------- -------------- ------------ ---------------- -------------- 
23359                                                                                                 
23359.batch         3.14M               0          3.14M        0.09M                0          0.09M 
23359.extern        0.01M               0          0.01M            0                0              0 

Job 23359 completed at Fri Feb 11 10:36:08 CET 2022
