Starting job 23396 on gpu-2 at Fri Feb 11 17:43:11 CET 2022

False

Task and CPU usage stats:
       JobID    JobName  AllocCPUS   NTasks     MinCPU MinCPUTask     AveCPU    Elapsed ExitCode 
------------ ---------- ---------- -------- ---------- ---------- ---------- ---------- -------- 
23396          find-gpu          1                                             00:00:02      0:0 
23396.batch       batch          1        1   00:00:01          0   00:00:01   00:00:02      0:0 
23396.extern     extern          1        1   00:00:00          0   00:00:00   00:00:02      0:0 

Memory usage stats:
       JobID     MaxRSS MaxRSSTask     AveRSS MaxPages   MaxPagesTask   AvePages 
------------ ---------- ---------- ---------- -------- -------------- ---------- 
23396                                                                            
23396.batch        132K          0       132K        0              0          0 
23396.extern          0          0          0        0              0          0 

Disk usage stats:
       JobID  MaxDiskRead MaxDiskReadTask    AveDiskRead MaxDiskWrite MaxDiskWriteTask   AveDiskWrite 
------------ ------------ --------------- -------------- ------------ ---------------- -------------- 
23396                                                                                                 
23396.batch             0               0              0            0                0              0 
23396.extern        0.01M               0          0.01M            0                0              0 

Job 23396 completed at Fri Feb 11 17:43:14 CET 2022
