Starting job 23312 on gpu-2 at Thu Feb 10 21:11:16 CET 2022

Some weights of the model checkpoint at ltgoslo/norbert were not used when initializing BertForTokenClassification: ['cls.predictions.bias', 'cls.seq_relationship.weight', 'cls.predictions.transform.dense.weight', 'cls.predictions.transform.LayerNorm.bias', 'cls.predictions.transform.LayerNorm.weight', 'cls.predictions.decoder.bias', 'cls.predictions.decoder.weight', 'cls.seq_relationship.bias', 'cls.predictions.transform.dense.bias']
- This IS expected if you are initializing BertForTokenClassification from the checkpoint of a model trained on another task or with another architecture (e.g. initializing a BertForSequenceClassification model from a BertForPreTraining model).
- This IS NOT expected if you are initializing BertForTokenClassification from the checkpoint of a model that you expect to be exactly identical (initializing a BertForSequenceClassification model from a BertForSequenceClassification model).
Some weights of BertForTokenClassification were not initialized from the model checkpoint at ltgoslo/norbert and are newly initialized: ['classifier.weight', 'classifier.bias']
You should probably TRAIN this model on a down-stream task to be able to use it for predictions and inference.
  0%|          | 0/149 [00:00<?, ?it/s]slurmstepd: error: *** JOB 23312 ON gpu-2 CANCELLED AT 2022-02-10T21:12:10 ***

Task and CPU usage stats:
       JobID    JobName  AllocCPUS   NTasks     MinCPU MinCPUTask     AveCPU    Elapsed ExitCode 
------------ ---------- ---------- -------- ---------- ---------- ---------- ---------- -------- 
23312              fgsa          1                                             00:00:54      0:0 
23312.batch       batch          1        1   00:00:48          0   00:00:48   00:00:57     0:15 
23312.extern     extern          1        1   00:00:00          0   00:00:00   00:00:54      0:0 

Memory usage stats:
       JobID     MaxRSS MaxRSSTask     AveRSS MaxPages   MaxPagesTask   AvePages 
------------ ---------- ---------- ---------- -------- -------------- ---------- 
23312                                                                            
23312.batch    6208260K          0   6208260K        0              0          0 
23312.extern          0          0          0        0              0          0 

Disk usage stats:
       JobID  MaxDiskRead MaxDiskReadTask    AveDiskRead MaxDiskWrite MaxDiskWriteTask   AveDiskWrite 
------------ ------------ --------------- -------------- ------------ ---------------- -------------- 
23312                                                                                                 
23312.batch         3.14M               0          3.14M        0.09M                0          0.09M 
23312.extern        0.01M               0          0.01M            0                0              0 

Job 23312 completed at Thu Feb 10 21:12:14 CET 2022
