Starting job 23361 on gpu-2 at Fri Feb 11 10:58:06 CET 2022

False

Task and CPU usage stats:
       JobID    JobName  AllocCPUS   NTasks     MinCPU MinCPUTask     AveCPU    Elapsed ExitCode 
------------ ---------- ---------- -------- ---------- ---------- ---------- ---------- -------- 
23361        allocation          1                                             00:00:00      0:0 
23361.batch       batch          1        1   00:00:01          0   00:00:01   00:00:04      0:0 
23361.extern     extern          1        1   00:00:00          0   00:00:00   00:00:04      0:0 

Memory usage stats:
       JobID     MaxRSS MaxRSSTask     AveRSS MaxPages   MaxPagesTask   AvePages 
------------ ---------- ---------- ---------- -------- -------------- ---------- 
23361                                                                            
23361.batch         84K          0        84K        0              0          0 
23361.extern          0          0          0        0              0          0 

Disk usage stats:
       JobID  MaxDiskRead MaxDiskReadTask    AveDiskRead MaxDiskWrite MaxDiskWriteTask   AveDiskWrite 
------------ ------------ --------------- -------------- ------------ ---------------- -------------- 
23361                                                                                                 
23361.batch             0               0              0            0                0              0 
23361.extern        0.01M               0          0.01M            0                0              0 

Job 23361 completed at Fri Feb 11 10:58:10 CET 2022
