Starting job 23407 on gpu-2 at Fri Feb 11 19:07:01 CET 2022

============================= test session starts ==============================
platform linux -- Python 3.8.6, pytest-6.1.1, py-1.9.0, pluggy-0.13.1 -- /cluster/software/Python/3.8.6-GCCcore-10.2.0/bin/python
cachedir: .pytest_cache
rootdir: /fp/homes01/u01/ec-pmhalvor/nlp/msc/fgsa, configfile: pytest.ini
collecting ... 
----------------------------- live log collection ------------------------------
2022-02-11 19:07:04 [    INFO] ---------  new run: test dataset --------- (config.py:15)
2022-02-11 19:07:04 [    INFO] ---------  new run: test --------- (config.py:15)
2022-02-11 19:07:04 [    INFO] Running on device cpu (test_model.py:14)
collected 3 items / 1 error / 2 selected

==================================== ERRORS ====================================
___________________ ERROR collecting code/test/test_model.py ___________________
test/test_model.py:18: in <module>
    @pytest.mark.parameterize("strict", strictness)
E   NameError: name 'pytest' is not defined
=========================== short test summary info ============================
ERROR test/test_model.py - NameError: name 'pytest' is not defined
!!!!!!!!!!!!!!!!!!!! Interrupted: 1 error during collection !!!!!!!!!!!!!!!!!!!!
=============================== 1 error in 1.74s ===============================

Task and CPU usage stats:
       JobID    JobName  AllocCPUS   NTasks     MinCPU MinCPUTask     AveCPU    Elapsed ExitCode 
------------ ---------- ---------- -------- ---------- ---------- ---------- ---------- -------- 
23407         fgsa-test          1                                             00:00:06      2:0 
23407.batch       batch          1        1   00:00:02          0   00:00:02   00:00:06      2:0 
23407.extern     extern          1        1   00:00:00          0   00:00:00   00:00:07      0:0 

Memory usage stats:
       JobID     MaxRSS MaxRSSTask     AveRSS MaxPages   MaxPagesTask   AvePages 
------------ ---------- ---------- ---------- -------- -------------- ---------- 
23407                                                                            
23407.batch        124K          0       124K        0              0          0 
23407.extern          0          0          0        0              0          0 

Disk usage stats:
       JobID  MaxDiskRead MaxDiskReadTask    AveDiskRead MaxDiskWrite MaxDiskWriteTask   AveDiskWrite 
------------ ------------ --------------- -------------- ------------ ---------------- -------------- 
23407                                                                                                 
23407.batch             0               0              0            0                0              0 
23407.extern        0.01M               0          0.01M            0                0              0 

Job 23407 completed at Fri Feb 11 19:07:07 CET 2022
