Starting job 23395 on gpu-2 at Fri Feb 11 17:42:39 CET 2022

slurmstepd: error: *** JOB 23395 ON gpu-2 CANCELLED AT 2022-02-11T17:42:47 ***

Task and CPU usage stats:
       JobID    JobName  AllocCPUS   NTasks     MinCPU MinCPUTask     AveCPU    Elapsed ExitCode 
------------ ---------- ---------- -------- ---------- ---------- ---------- ---------- -------- 
23395        fgsa-train          1                                             00:00:08      0:0 
23395.batch       batch          1        1   00:00:02          0   00:00:02   00:00:11     0:15 
23395.extern     extern          1        1   00:00:00          0   00:00:00   00:00:08      0:0 

Memory usage stats:
       JobID     MaxRSS MaxRSSTask     AveRSS MaxPages   MaxPagesTask   AvePages 
------------ ---------- ---------- ---------- -------- -------------- ---------- 
23395                                                                            
23395.batch      97196K          0     97196K        0              0          0 
23395.extern          0          0          0        0              0          0 

Disk usage stats:
       JobID  MaxDiskRead MaxDiskReadTask    AveDiskRead MaxDiskWrite MaxDiskWriteTask   AveDiskWrite 
------------ ------------ --------------- -------------- ------------ ---------------- -------------- 
23395                                                                                                 
23395.batch             0               0              0            0                0              0 
23395.extern        0.01M               0          0.01M            0                0              0 

Job 23395 completed at Fri Feb 11 17:42:51 CET 2022
