Starting job 23355 on gpu-2 at Fri Feb 11 10:25:53 CET 2022

============================= test session starts ==============================
platform linux -- Python 3.8.6, pytest-6.1.1, py-1.9.0, pluggy-0.13.1 -- /cluster/software/Python/3.8.6-GCCcore-10.2.0/bin/python
cachedir: .pytest_cache
rootdir: /fp/homes01/u01/ec-pmhalvor/nlp/msc/fgsa, configfile: pytest.ini
collecting ... collected 0 items

============================ no tests ran in 0.01s =============================

Task and CPU usage stats:
       JobID    JobName  AllocCPUS   NTasks     MinCPU MinCPUTask     AveCPU    Elapsed ExitCode 
------------ ---------- ---------- -------- ---------- ---------- ---------- ---------- -------- 
23355              fgsa          1                                             00:00:05      5:0 
23355.batch       batch          1        1   00:00:01          0   00:00:01   00:00:05      5:0 
23355.extern     extern          1        1   00:00:00          0   00:00:00   00:00:05      0:0 

Memory usage stats:
       JobID     MaxRSS MaxRSSTask     AveRSS MaxPages   MaxPagesTask   AvePages 
------------ ---------- ---------- ---------- -------- -------------- ---------- 
23355                                                                            
23355.batch        252K          0       252K        0              0          0 
23355.extern          0          0          0        0              0          0 

Disk usage stats:
       JobID  MaxDiskRead MaxDiskReadTask    AveDiskRead MaxDiskWrite MaxDiskWriteTask   AveDiskWrite 
------------ ------------ --------------- -------------- ------------ ---------------- -------------- 
23355                                                                                                 
23355.batch             0               0              0            0                0              0 
23355.extern        0.01M               0          0.01M            0                0              0 

Job 23355 completed at Fri Feb 11 10:25:59 CET 2022
