Starting job 23272 on gpu-2 at Thu Feb 10 19:14:30 CET 2022

Some weights of the model checkpoint at ltgoslo/norbert were not used when initializing BertForTokenClassification: ['cls.predictions.decoder.weight', 'cls.predictions.transform.LayerNorm.weight', 'cls.predictions.bias', 'cls.seq_relationship.weight', 'cls.predictions.transform.dense.bias', 'cls.predictions.decoder.bias', 'cls.predictions.transform.LayerNorm.bias', 'cls.predictions.transform.dense.weight', 'cls.seq_relationship.bias']
- This IS expected if you are initializing BertForTokenClassification from the checkpoint of a model trained on another task or with another architecture (e.g. initializing a BertForSequenceClassification model from a BertForPreTraining model).
- This IS NOT expected if you are initializing BertForTokenClassification from the checkpoint of a model that you expect to be exactly identical (initializing a BertForSequenceClassification model from a BertForSequenceClassification model).
Some weights of BertForTokenClassification were not initialized from the model checkpoint at ltgoslo/norbert and are newly initialized: ['classifier.bias', 'classifier.weight']
You should probably TRAIN this model on a down-stream task to be able to use it for predictions and inference.
  0%|          | 0/14 [00:00<?, ?it/s]  0%|          | 0/14 [02:48<?, ?it/s]

Task and CPU usage stats:
       JobID    JobName  AllocCPUS   NTasks     MinCPU MinCPUTask     AveCPU    Elapsed ExitCode 
------------ ---------- ---------- -------- ---------- ---------- ---------- ---------- -------- 
23272              fgsa          1                                             00:03:11      0:0 
23272.batch       batch          1        1   00:03:00          0   00:03:00   00:03:11      0:0 
23272.extern     extern          1        1   00:00:00          0   00:00:00   00:03:11      0:0 

Memory usage stats:
       JobID     MaxRSS MaxRSSTask     AveRSS MaxPages   MaxPagesTask   AvePages 
------------ ---------- ---------- ---------- -------- -------------- ---------- 
23272                                                                            
23272.batch    6460668K          0   6460668K        0              0          0 
23272.extern          0          0          0        0              0          0 

Disk usage stats:
       JobID  MaxDiskRead MaxDiskReadTask    AveDiskRead MaxDiskWrite MaxDiskWriteTask   AveDiskWrite 
------------ ------------ --------------- -------------- ------------ ---------------- -------------- 
23272                                                                                                 
23272.batch         3.14M               0          3.14M        0.09M                0          0.09M 
23272.extern        0.01M               0          0.01M            0                0              0 

Job 23272 completed at Thu Feb 10 19:17:41 CET 2022
