Starting job 23405 on gpu-2 at Fri Feb 11 18:37:38 CET 2022

============================= test session starts ==============================
platform linux -- Python 3.8.6, pytest-6.1.1, py-1.9.0, pluggy-0.13.1 -- /cluster/software/Python/3.8.6-GCCcore-10.2.0/bin/python
cachedir: .pytest_cache
rootdir: /fp/homes01/u01/ec-pmhalvor/nlp/msc/fgsa, configfile: pytest.ini
collecting ... 
----------------------------- live log collection ------------------------------
2022-02-11 18:37:52 [    INFO] ---------  new run: test dataset --------- (config.py:15)
2022-02-11 18:37:52 [    INFO] ---------  new run: test --------- (config.py:15)
2022-02-11 18:37:52 [    INFO] Running on device cpu (test_model.py:14)
collected 4 items

test/test_data.py::test_data_dir PASSED                                  [ 25%]
test/test_data.py::test_dataset_shape PASSED                             [ 50%]
test/test_data.py::test_dataset_values PASSED                            [ 75%]
test/test_model.py::test_BertSimple_fit /var/spool/slurmd/job23405/slurm_script: line 28: 1352200 Killed                  pytest . -vv
slurmstepd: error: Detected 1 oom-kill event(s) in StepId=23405.batch cgroup. Some of your processes may have been killed by the cgroup out-of-memory handler.

Task and CPU usage stats:
       JobID    JobName  AllocCPUS   NTasks     MinCPU MinCPUTask     AveCPU    Elapsed ExitCode 
------------ ---------- ---------- -------- ---------- ---------- ---------- ---------- -------- 
23405         fgsa-test          1                                             00:00:43    0:125 
23405.batch       batch          1        1   00:00:09          0   00:00:09   00:00:43    0:125 
23405.extern     extern          1        1   00:00:00          0   00:00:00   00:00:43    0:125 

Memory usage stats:
       JobID     MaxRSS MaxRSSTask     AveRSS MaxPages   MaxPagesTask   AvePages 
------------ ---------- ---------- ---------- -------- -------------- ---------- 
23405                                                                            
23405.batch      92292K          0     92292K        0              0          0 
23405.extern          0          0          0        0              0          0 

Disk usage stats:
       JobID  MaxDiskRead MaxDiskReadTask    AveDiskRead MaxDiskWrite MaxDiskWriteTask   AveDiskWrite 
------------ ------------ --------------- -------------- ------------ ---------------- -------------- 
23405                                                                                                 
23405.batch         3.14M               0          3.14M        0.09M                0          0.09M 
23405.extern        0.01M               0          0.01M            0                0              0 

Job 23405 completed at Fri Feb 11 18:38:22 CET 2022
