Starting job 23354 on gpu-2 at Fri Feb 11 10:21:20 CET 2022

Some weights of the model checkpoint at ltgoslo/norbert were not used when initializing BertForTokenClassification: ['cls.predictions.transform.LayerNorm.bias', 'cls.predictions.decoder.bias', 'cls.predictions.decoder.weight', 'cls.seq_relationship.bias', 'cls.seq_relationship.weight', 'cls.predictions.transform.LayerNorm.weight', 'cls.predictions.transform.dense.weight', 'cls.predictions.bias', 'cls.predictions.transform.dense.bias']
- This IS expected if you are initializing BertForTokenClassification from the checkpoint of a model trained on another task or with another architecture (e.g. initializing a BertForSequenceClassification model from a BertForPreTraining model).
- This IS NOT expected if you are initializing BertForTokenClassification from the checkpoint of a model that you expect to be exactly identical (initializing a BertForSequenceClassification model from a BertForSequenceClassification model).
Some weights of BertForTokenClassification were not initialized from the model checkpoint at ltgoslo/norbert and are newly initialized: ['classifier.weight', 'classifier.bias']
You should probably TRAIN this model on a down-stream task to be able to use it for predictions and inference.
  0%|          | 0/149 [00:00<?, ?it/s]Traceback (most recent call last):
  File "train.py", line 74, in <module>
    model.fit(train_loader=train_loader, dev_loader=dev_loader, epochs=5)
  File "/fp/homes01/u01/ec-pmhalvor/nlp/msc/fgsa/code/model.py", line 99, in fit
    self.evaluate(dev_loader)
  File "/fp/homes01/u01/ec-pmhalvor/nlp/msc/fgsa/code/model.py", line 200, in evaluate
    if verbose:
NameError: name 'verbose' is not defined
  0%|          | 0/149 [32:48<?, ?it/s]
Task and CPU usage stats:
       JobID    JobName  AllocCPUS   NTasks     MinCPU MinCPUTask     AveCPU    Elapsed ExitCode 
------------ ---------- ---------- -------- ---------- ---------- ---------- ---------- -------- 
23354              fgsa          1                                             00:33:06      1:0 
23354.batch       batch          1        1   00:32:42          0   00:32:42   00:33:06      1:0 
23354.extern     extern          1        1   00:00:00          0   00:00:00   00:33:06      0:0 

Memory usage stats:
       JobID     MaxRSS MaxRSSTask     AveRSS MaxPages   MaxPagesTask   AvePages 
------------ ---------- ---------- ---------- -------- -------------- ---------- 
23354                                                                            
23354.batch    8975524K          0   8975524K        0              0          0 
23354.extern          0          0          0        0              0          0 

Disk usage stats:
       JobID  MaxDiskRead MaxDiskReadTask    AveDiskRead MaxDiskWrite MaxDiskWriteTask   AveDiskWrite 
------------ ------------ --------------- -------------- ------------ ---------------- -------------- 
23354                                                                                                 
23354.batch         3.14M               0          3.14M        0.09M                0          0.09M 
23354.extern        0.01M               0          0.01M            0                0              0 

Job 23354 completed at Fri Feb 11 10:54:26 CET 2022
