Starting job 23406 on gpu-2 at Fri Feb 11 18:48:38 CET 2022

============================= test session starts ==============================
platform linux -- Python 3.8.6, pytest-6.1.1, py-1.9.0, pluggy-0.13.1 -- /cluster/software/Python/3.8.6-GCCcore-10.2.0/bin/python
cachedir: .pytest_cache
rootdir: /fp/homes01/u01/ec-pmhalvor/nlp/msc/fgsa, configfile: pytest.ini
collecting ... 
----------------------------- live log collection ------------------------------
2022-02-11 18:48:47 [    INFO] ---------  new run: test dataset --------- (config.py:15)
2022-02-11 18:48:47 [    INFO] ---------  new run: test --------- (config.py:15)
2022-02-11 18:48:47 [    INFO] Running on device cpu (test_model.py:14)
collected 4 items

test/test_data.py::test_data_dir PASSED                                  [ 25%]
test/test_data.py::test_dataset_shape PASSED                             [ 50%]
test/test_data.py::test_dataset_values PASSED                            [ 75%]
test/test_model.py::test_BertSimple_fit 
-------------------------------- live log call ---------------------------------
2022-02-11 18:49:22 [    INFO] Epoch:  0 Batch:  0 Loss:2.1893579959869385 (model.py:96)
2022-02-11 18:49:49 [    INFO] Fit complete. (model.py:101)
2022-02-11 18:49:49 [    INFO] torch.Size([768, 768]) (test_model.py:45)
2022-02-11 18:49:49 [    INFO] tensor(0.0304, grad_fn=<SelectBackward>) (test_model.py:46)
PASSED                                                                   [100%]

========================= 4 passed in 65.38s (0:01:05) =========================

Task and CPU usage stats:
       JobID    JobName  AllocCPUS   NTasks     MinCPU MinCPUTask     AveCPU    Elapsed ExitCode 
------------ ---------- ---------- -------- ---------- ---------- ---------- ---------- -------- 
23406         fgsa-test          1                                             00:01:13      0:0 
23406.batch       batch          1        1   00:00:44          0   00:00:44   00:01:13      0:0 
23406.extern     extern          1        1   00:00:00          0   00:00:00   00:01:13      0:0 

Memory usage stats:
       JobID     MaxRSS MaxRSSTask     AveRSS MaxPages   MaxPagesTask   AvePages 
------------ ---------- ---------- ---------- -------- -------------- ---------- 
23406                                                                            
23406.batch    5721892K          0   5721892K        0              0          0 
23406.extern          0          0          0        0              0          0 

Disk usage stats:
       JobID  MaxDiskRead MaxDiskReadTask    AveDiskRead MaxDiskWrite MaxDiskWriteTask   AveDiskWrite 
------------ ------------ --------------- -------------- ------------ ---------------- -------------- 
23406                                                                                                 
23406.batch         3.14M               0          3.14M        0.09M                0          0.09M 
23406.extern        0.01M               0          0.01M            0                0              0 

Job 23406 completed at Fri Feb 11 18:49:51 CET 2022
