Starting job 23271 on gpu-2 at Thu Feb 10 18:58:27 CET 2022

Some weights of the model checkpoint at ltgoslo/norbert were not used when initializing BertForTokenClassification: ['cls.predictions.decoder.weight', 'cls.predictions.transform.LayerNorm.weight', 'cls.predictions.transform.dense.weight', 'cls.predictions.decoder.bias', 'cls.seq_relationship.bias', 'cls.seq_relationship.weight', 'cls.predictions.transform.dense.bias', 'cls.predictions.transform.LayerNorm.bias', 'cls.predictions.bias']
- This IS expected if you are initializing BertForTokenClassification from the checkpoint of a model trained on another task or with another architecture (e.g. initializing a BertForSequenceClassification model from a BertForPreTraining model).
- This IS NOT expected if you are initializing BertForTokenClassification from the checkpoint of a model that you expect to be exactly identical (initializing a BertForSequenceClassification model from a BertForSequenceClassification model).
Some weights of BertForTokenClassification were not initialized from the model checkpoint at ltgoslo/norbert and are newly initialized: ['classifier.bias', 'classifier.weight']
You should probably TRAIN this model on a down-stream task to be able to use it for predictions and inference.
  0%|          | 0/14 [00:00<?, ?it/s]  0%|          | 0/14 [02:48<?, ?it/s]
Traceback (most recent call last):
  File "train.py", line 77, in <module>
    binary_f1, proportion_f1 = model.evaluate(dev_loader)
  File "/fp/homes01/u01/ec-pmhalvor/nlp/msc/fgsa/code/model.py", line 220, in evaluate
    logging.info("f_polarity: {}".format(f_s))
NameError: name 'f_s' is not defined

Task and CPU usage stats:
       JobID    JobName  AllocCPUS   NTasks     MinCPU MinCPUTask     AveCPU    Elapsed ExitCode 
------------ ---------- ---------- -------- ---------- ---------- ---------- ---------- -------- 
23271              fgsa          1                                             00:03:05      1:0 
23271.batch       batch          1        1   00:02:55          0   00:02:55   00:03:05      1:0 
23271.extern     extern          1        1   00:00:00          0   00:00:00   00:03:05      0:0 

Memory usage stats:
       JobID     MaxRSS MaxRSSTask     AveRSS MaxPages   MaxPagesTask   AvePages 
------------ ---------- ---------- ---------- -------- -------------- ---------- 
23271                                                                            
23271.batch    6510684K          0   6510684K        0              0          0 
23271.extern          0          0          0        0              0          0 

Disk usage stats:
       JobID  MaxDiskRead MaxDiskReadTask    AveDiskRead MaxDiskWrite MaxDiskWriteTask   AveDiskWrite 
------------ ------------ --------------- -------------- ------------ ---------------- -------------- 
23271                                                                                                 
23271.batch         3.14M               0          3.14M        0.09M                0          0.09M 
23271.extern        0.01M               0          0.01M            0                0              0 

Job 23271 completed at Thu Feb 10 19:01:33 CET 2022
