Starting job 24270 on gpu-2 at Sun Feb 20 16:08:19 CET 2022

Some weights of the model checkpoint at ltgoslo/norbert were not used when initializing BertForTokenClassification: ['cls.predictions.decoder.weight', 'cls.seq_relationship.weight', 'cls.predictions.transform.dense.bias', 'cls.predictions.bias', 'cls.predictions.transform.LayerNorm.weight', 'cls.predictions.transform.LayerNorm.bias', 'cls.predictions.decoder.bias', 'cls.predictions.transform.dense.weight', 'cls.seq_relationship.bias']
- This IS expected if you are initializing BertForTokenClassification from the checkpoint of a model trained on another task or with another architecture (e.g. initializing a BertForSequenceClassification model from a BertForPreTraining model).
- This IS NOT expected if you are initializing BertForTokenClassification from the checkpoint of a model that you expect to be exactly identical (initializing a BertForSequenceClassification model from a BertForSequenceClassification model).
Some weights of BertForTokenClassification were not initialized from the model checkpoint at ltgoslo/norbert and are newly initialized: ['classifier.bias', 'classifier.weight']
You should probably TRAIN this model on a down-stream task to be able to use it for predictions and inference.
  0%|          | 0/14 [00:00<?, ?it/s]
  0%|          | 0/14 [00:00<?, ?it/s][A  0%|          | 0/14 [03:02<?, ?it/s]
  0%|          | 0/14 [00:00<?, ?it/s]  0%|          | 0/14 [03:04<?, ?it/s]

  0%|          | 0/14 [00:00<?, ?it/s][A  0%|          | 0/14 [03:04<?, ?it/s]
  0%|          | 0/14 [00:00<?, ?it/s]  0%|          | 0/14 [03:04<?, ?it/s]slurmstepd: error: *** JOB 24270 ON gpu-2 CANCELLED AT 2022-02-20T16:22:13 ***

Task and CPU usage stats:
       JobID    JobName  AllocCPUS   NTasks     MinCPU MinCPUTask     AveCPU    Elapsed ExitCode 
------------ ---------- ---------- -------- ---------- ---------- ---------- ---------- -------- 
24270          fgsa-dev          1                                             00:13:54      0:0 
24270.batch       batch          1        1   00:13:43          0   00:13:43   00:13:57     0:15 
24270.extern     extern          1        1   00:00:00          0   00:00:00   00:13:54      0:0 

Memory usage stats:
       JobID     MaxRSS MaxRSSTask     AveRSS MaxPages   MaxPagesTask   AvePages 
------------ ---------- ---------- ---------- -------- -------------- ---------- 
24270                                                                            
24270.batch    7133620K          0   7133620K        0              0          0 
24270.extern          0          0          0        0              0          0 

Disk usage stats:
       JobID  MaxDiskRead MaxDiskReadTask    AveDiskRead MaxDiskWrite MaxDiskWriteTask   AveDiskWrite 
------------ ------------ --------------- -------------- ------------ ---------------- -------------- 
24270                                                                                                 
24270.batch         3.14M               0          3.14M        0.09M                0          0.09M 
24270.extern        0.01M               0          0.01M            0                0              0 

Job 24270 completed at Sun Feb 20 16:22:17 CET 2022
